This file contains any messages produced by compilers while
running configure, to aid debugging if configure makes a mistake.

It was created by libusb configure 1.0.0, which was
generated by GNU Autoconf 2.65.  Invocation command line was

  $ ./configure --host=mips-uclibc-linux CC=/opt/toolchains/uclibc-crosstools-gcc-4.4.2-1/usr/bin/mips-linux-uclibc-gcc CXX=/opt/toolchains/uclibc-crosstools-gcc-4.4.2-1/usr/bin/mips-linux-uclibc-g++ AR=/opt/toolchains/uclibc-crosstools-gcc-4.4.2-1/usr/bin/mips-linux-uclibc-ar RANLIB=/opt/toolchains/uclibc-crosstools-gcc-4.4.2-1/usr/bin/mips-linux-uclibc-ranlib STRIP=/opt/toolchains/uclibc-crosstools-gcc-4.4.2-1/usr/bin/mips-linux-uclibc-strip NM=/opt/toolchains/uclibc-crosstools-gcc-4.4.2-1/usr/bin/mips-linux-uclibc-nm OBJDUMP=/opt/toolchains/uclibc-crosstools-gcc-4.4.2-1/usr/bin/mips-linux-uclibc-objdump --prefix=/tmp/consumer/100AAPP7D0/userspace/gpl/libs/libusb-1.0.0/install

## --------- ##
## Platform. ##
## --------- ##

hostname = ubuntu
uname -m = i686
uname -r = 3.0.0-12-generic-pae
uname -s = Linux
uname -v = #20-Ubuntu SMP Fri Oct 7 16:37:17 UTC 2011

/usr/bin/uname -p = unknown
/bin/uname -X     = unknown

/bin/arch              = unknown
/usr/bin/arch -k       = unknown
/usr/convex/getsysinfo = unknown
/usr/bin/hostinfo      = unknown
/bin/machine           = unknown
/usr/bin/oslevel       = unknown
/bin/universe          = unknown

PATH: /usr/local/sbin
PATH: /usr/local/bin
PATH: /usr/sbin
PATH: /usr/bin
PATH: /sbin
PATH: /bin
PATH: /usr/games


## ----------- ##
## Core tests. ##
## ----------- ##

configure:2259: checking for a BSD-compatible install
configure:2327: result: /usr/bin/install -c
configure:2338: checking whether build environment is sane
configure:2375: result: yes
configure:2400: checking for a thread-safe mkdir -p
configure:2439: result: /bin/mkdir -p
configure:2452: checking for gawk
configure:2468: found /usr/bin/gawk
configure:2479: result: gawk
configure:2490: checking whether make sets $(MAKE)
configure:2512: result: yes
configure:2590: checking for mips-uclibc-linux-strip
configure:2617: result: /opt/toolchains/uclibc-crosstools-gcc-4.4.2-1/usr/bin/mips-linux-uclibc-strip
configure:2707: checking for mips-uclibc-linux-gcc
configure:2734: result: /opt/toolchains/uclibc-crosstools-gcc-4.4.2-1/usr/bin/mips-linux-uclibc-gcc
configure:3003: checking for C compiler version
configure:3012: /opt/toolchains/uclibc-crosstools-gcc-4.4.2-1/usr/bin/mips-linux-uclibc-gcc --version >&5
mips-linux-uclibc-gcc (Buildroot 2010.02-git) 4.4.2
Copyright (C) 2009 Free Software Foundation, Inc.
This is free software; see the source for copying conditions.  There is NO
warranty; not even for MERCHANTABILITY or FITNESS FOR A PARTICULAR PURPOSE.

configure:3023: $? = 0
configure:3012: /opt/toolchains/uclibc-crosstools-gcc-4.4.2-1/usr/bin/mips-linux-uclibc-gcc -v >&5
Using built-in specs.
Target: mips-linux-uclibc
Configured with: /shared/myviews/toolchain/buildroot-4.4.2-1/output/toolchain/gcc-4.4.2/configure --prefix=/usr --build=i386-pc-linux-gnu --host=i386-pc-linux-gnu --target=mips-linux-uclibc --enable-languages=c,c++ --with-sysroot=/opt/toolchains/uclibc-crosstools-gcc-4.4.2-1 --with-build-time-tools=/opt/toolchains/uclibc-crosstools-gcc-4.4.2-1/usr/mips-linux-uclibc/bin --disable-__cxa_atexit --enable-target-optspace --with-gnu-ld --disable-libssp --disable-tls --enable-shared --with-gmp=/shared/myviews/toolchain/buildroot-4.4.2-1/output/toolchain/gmp --with-mpfr=/shared/myviews/toolchain/buildroot-4.4.2-1/output/toolchain/mpfr --disable-nls --enable-threads --disable-multilib --disable-decimal-float --with-float=soft --with-abi=32 --with-tune=mips32 --with-arch=mips32 --with-pkgversion='Buildroot 2010.02-git' --with-bugurl=http://bugs.buildroot.net/
Thread model: posix
gcc version 4.4.2 (Buildroot 2010.02-git) 
configure:3023: $? = 0
configure:3012: /opt/toolchains/uclibc-crosstools-gcc-4.4.2-1/usr/bin/mips-linux-uclibc-gcc -V >&5
mips-linux-uclibc-gcc: '-V' option must have argument
configure:3023: $? = 1
configure:3012: /opt/toolchains/uclibc-crosstools-gcc-4.4.2-1/usr/bin/mips-linux-uclibc-gcc -qversion >&5
mips-linux-uclibc-gcc: unrecognized option '-qversion'
mips-linux-uclibc-gcc: no input files
configure:3023: $? = 1
configure:3043: checking whether the C compiler works
configure:3065: /opt/toolchains/uclibc-crosstools-gcc-4.4.2-1/usr/bin/mips-linux-uclibc-gcc    conftest.c  >&5
configure:3069: $? = 0
configure:3118: result: yes
configure:3121: checking for C compiler default output file name
configure:3123: result: a.out
configure:3129: checking for suffix of executables
configure:3136: /opt/toolchains/uclibc-crosstools-gcc-4.4.2-1/usr/bin/mips-linux-uclibc-gcc -o conftest    conftest.c  >&5
configure:3140: $? = 0
configure:3162: result: 
configure:3184: checking whether we are cross compiling
configure:3192: /opt/toolchains/uclibc-crosstools-gcc-4.4.2-1/usr/bin/mips-linux-uclibc-gcc -o conftest    conftest.c  >&5
configure:3196: $? = 0
configure:3203: ./conftest
./configure: line 3205: ./conftest: cannot execute binary file
configure:3207: $? = 126
configure:3222: result: yes
configure:3227: checking for suffix of object files
configure:3249: /opt/toolchains/uclibc-crosstools-gcc-4.4.2-1/usr/bin/mips-linux-uclibc-gcc -c   conftest.c >&5
configure:3253: $? = 0
configure:3274: result: o
configure:3278: checking whether we are using the GNU C compiler
configure:3297: /opt/toolchains/uclibc-crosstools-gcc-4.4.2-1/usr/bin/mips-linux-uclibc-gcc -c   conftest.c >&5
configure:3297: $? = 0
configure:3306: result: yes
configure:3315: checking whether /opt/toolchains/uclibc-crosstools-gcc-4.4.2-1/usr/bin/mips-linux-uclibc-gcc accepts -g
configure:3335: /opt/toolchains/uclibc-crosstools-gcc-4.4.2-1/usr/bin/mips-linux-uclibc-gcc -c -g  conftest.c >&5
configure:3335: $? = 0
configure:3376: result: yes
configure:3393: checking for /opt/toolchains/uclibc-crosstools-gcc-4.4.2-1/usr/bin/mips-linux-uclibc-gcc option to accept ISO C89
configure:3457: /opt/toolchains/uclibc-crosstools-gcc-4.4.2-1/usr/bin/mips-linux-uclibc-gcc  -c -g -O2  conftest.c >&5
configure:3457: $? = 0
configure:3470: result: none needed
configure:3501: checking for style of include used by make
configure:3529: result: GNU
configure:3554: checking dependency style of /opt/toolchains/uclibc-crosstools-gcc-4.4.2-1/usr/bin/mips-linux-uclibc-gcc
configure:3645: result: gcc3
configure:3689: checking build system type
configure:3703: result: i686-pc-linux-uclibc
configure:3723: checking host system type
configure:3736: result: mips-uclibc-linux-gnu
configure:3756: checking for a sed that does not truncate output
configure:3820: result: /bin/sed
configure:3838: checking for grep that handles long lines and -e
configure:3896: result: /bin/grep
configure:3901: checking for egrep
configure:3963: result: /bin/grep -E
configure:3968: checking for fgrep
configure:4030: result: /bin/grep -F
configure:4065: checking for ld used by /opt/toolchains/uclibc-crosstools-gcc-4.4.2-1/usr/bin/mips-linux-uclibc-gcc
configure:4132: result: /opt/toolchains/uclibc-crosstools-gcc-4.4.2-1/usr/bin/mips-linux-uclibc-ld
configure:4139: checking if the linker (/opt/toolchains/uclibc-crosstools-gcc-4.4.2-1/usr/bin/mips-linux-uclibc-ld) is GNU ld
configure:4154: result: yes
configure:4166: checking for BSD- or MS-compatible name lister (nm)
configure:4215: result: /opt/toolchains/uclibc-crosstools-gcc-4.4.2-1/usr/bin/mips-linux-uclibc-nm
configure:4333: checking the name lister (/opt/toolchains/uclibc-crosstools-gcc-4.4.2-1/usr/bin/mips-linux-uclibc-nm) interface
configure:4340: /opt/toolchains/uclibc-crosstools-gcc-4.4.2-1/usr/bin/mips-linux-uclibc-gcc -c -g -O2  conftest.c >&5
configure:4343: /opt/toolchains/uclibc-crosstools-gcc-4.4.2-1/usr/bin/mips-linux-uclibc-nm "conftest.o"
configure:4346: output
00000000 B some_variable
configure:4353: result: BSD nm
configure:4356: checking whether ln -s works
configure:4360: result: yes
configure:4368: checking the maximum length of command line arguments
configure:4488: result: 805306365
configure:4505: checking whether the shell understands some XSI constructs
configure:4515: result: yes
configure:4519: checking whether the shell understands "+="
configure:4525: result: yes
configure:4560: checking for /opt/toolchains/uclibc-crosstools-gcc-4.4.2-1/usr/bin/mips-linux-uclibc-ld option to reload object files
configure:4567: result: -r
configure:4596: checking for mips-uclibc-linux-objdump
configure:4623: result: /opt/toolchains/uclibc-crosstools-gcc-4.4.2-1/usr/bin/mips-linux-uclibc-objdump
configure:4695: checking how to recognize dependent libraries
configure:4891: result: pass_all
configure:4911: checking for mips-uclibc-linux-ar
configure:4938: result: /opt/toolchains/uclibc-crosstools-gcc-4.4.2-1/usr/bin/mips-linux-uclibc-ar
configure:5016: checking for mips-uclibc-linux-strip
configure:5043: result: /opt/toolchains/uclibc-crosstools-gcc-4.4.2-1/usr/bin/mips-linux-uclibc-strip
configure:5115: checking for mips-uclibc-linux-ranlib
configure:5142: result: /opt/toolchains/uclibc-crosstools-gcc-4.4.2-1/usr/bin/mips-linux-uclibc-ranlib
configure:5272: checking command to parse /opt/toolchains/uclibc-crosstools-gcc-4.4.2-1/usr/bin/mips-linux-uclibc-nm output from /opt/toolchains/uclibc-crosstools-gcc-4.4.2-1/usr/bin/mips-linux-uclibc-gcc object
configure:5390: /opt/toolchains/uclibc-crosstools-gcc-4.4.2-1/usr/bin/mips-linux-uclibc-gcc -c -g -O2  conftest.c >&5
configure:5393: $? = 0
configure:5397: /opt/toolchains/uclibc-crosstools-gcc-4.4.2-1/usr/bin/mips-linux-uclibc-nm conftest.o \| sed -n -e 's/^.*[	 ]\([ABCDGIRSTW][ABCDGIRSTW]*\)[	 ][	 ]*\([_A-Za-z][_A-Za-z0-9]*\)$/\1 \2 \2/p' \> conftest.nm
configure:5400: $? = 0
configure:5454: /opt/toolchains/uclibc-crosstools-gcc-4.4.2-1/usr/bin/mips-linux-uclibc-gcc -o conftest -g -O2   conftest.c conftstm.o >&5
configure:5457: $? = 0
configure:5495: result: ok
configure:6304: checking how to run the C preprocessor
configure:6374: result: /opt/toolchains/uclibc-crosstools-gcc-4.4.2-1/usr/bin/mips-linux-uclibc-cpp
configure:6394: /opt/toolchains/uclibc-crosstools-gcc-4.4.2-1/usr/bin/mips-linux-uclibc-cpp  conftest.c
configure:6394: $? = 0
configure:6408: /opt/toolchains/uclibc-crosstools-gcc-4.4.2-1/usr/bin/mips-linux-uclibc-cpp  conftest.c
conftest.c:11:28: error: ac_nonexistent.h: No such file or directory
configure:6408: $? = 1
configure: failed program was:
| /* confdefs.h */
| #define PACKAGE_NAME "libusb"
| #define PACKAGE_TARNAME "libusb"
| #define PACKAGE_VERSION "1.0.0"
| #define PACKAGE_STRING "libusb 1.0.0"
| #define PACKAGE_BUGREPORT ""
| #define PACKAGE_URL ""
| #define PACKAGE "libusb"
| #define VERSION "1.0.0"
| /* end confdefs.h.  */
| #include <ac_nonexistent.h>
configure:6437: checking for ANSI C header files
configure:6457: /opt/toolchains/uclibc-crosstools-gcc-4.4.2-1/usr/bin/mips-linux-uclibc-gcc -c -g -O2  conftest.c >&5
configure:6457: $? = 0
configure:6541: result: yes
configure:6554: checking for sys/types.h
configure:6554: /opt/toolchains/uclibc-crosstools-gcc-4.4.2-1/usr/bin/mips-linux-uclibc-gcc -c -g -O2  conftest.c >&5
configure:6554: $? = 0
configure:6554: result: yes
configure:6554: checking for sys/stat.h
configure:6554: /opt/toolchains/uclibc-crosstools-gcc-4.4.2-1/usr/bin/mips-linux-uclibc-gcc -c -g -O2  conftest.c >&5
configure:6554: $? = 0
configure:6554: result: yes
configure:6554: checking for stdlib.h
configure:6554: /opt/toolchains/uclibc-crosstools-gcc-4.4.2-1/usr/bin/mips-linux-uclibc-gcc -c -g -O2  conftest.c >&5
configure:6554: $? = 0
configure:6554: result: yes
configure:6554: checking for string.h
configure:6554: /opt/toolchains/uclibc-crosstools-gcc-4.4.2-1/usr/bin/mips-linux-uclibc-gcc -c -g -O2  conftest.c >&5
configure:6554: $? = 0
configure:6554: result: yes
configure:6554: checking for memory.h
configure:6554: /opt/toolchains/uclibc-crosstools-gcc-4.4.2-1/usr/bin/mips-linux-uclibc-gcc -c -g -O2  conftest.c >&5
configure:6554: $? = 0
configure:6554: result: yes
configure:6554: checking for strings.h
configure:6554: /opt/toolchains/uclibc-crosstools-gcc-4.4.2-1/usr/bin/mips-linux-uclibc-gcc -c -g -O2  conftest.c >&5
configure:6554: $? = 0
configure:6554: result: yes
configure:6554: checking for inttypes.h
configure:6554: /opt/toolchains/uclibc-crosstools-gcc-4.4.2-1/usr/bin/mips-linux-uclibc-gcc -c -g -O2  conftest.c >&5
configure:6554: $? = 0
configure:6554: result: yes
configure:6554: checking for stdint.h
configure:6554: /opt/toolchains/uclibc-crosstools-gcc-4.4.2-1/usr/bin/mips-linux-uclibc-gcc -c -g -O2  conftest.c >&5
configure:6554: $? = 0
configure:6554: result: yes
configure:6554: checking for unistd.h
configure:6554: /opt/toolchains/uclibc-crosstools-gcc-4.4.2-1/usr/bin/mips-linux-uclibc-gcc -c -g -O2  conftest.c >&5
configure:6554: $? = 0
configure:6554: result: yes
configure:6569: checking for dlfcn.h
configure:6569: /opt/toolchains/uclibc-crosstools-gcc-4.4.2-1/usr/bin/mips-linux-uclibc-gcc -c -g -O2  conftest.c >&5
configure:6569: $? = 0
configure:6569: result: yes
configure:6753: checking for objdir
configure:6768: result: .libs
configure:7060: checking if /opt/toolchains/uclibc-crosstools-gcc-4.4.2-1/usr/bin/mips-linux-uclibc-gcc supports -fno-rtti -fno-exceptions
configure:7078: /opt/toolchains/uclibc-crosstools-gcc-4.4.2-1/usr/bin/mips-linux-uclibc-gcc -c -g -O2  -fno-rtti -fno-exceptions conftest.c >&5
cc1: warning: command line option "-fno-rtti" is valid for C++/ObjC++ but not for C
configure:7082: $? = 0
configure:7095: result: no
configure:7115: checking for /opt/toolchains/uclibc-crosstools-gcc-4.4.2-1/usr/bin/mips-linux-uclibc-gcc option to produce PIC
configure:7387: result: -fPIC -DPIC
configure:7399: checking if /opt/toolchains/uclibc-crosstools-gcc-4.4.2-1/usr/bin/mips-linux-uclibc-gcc PIC flag -fPIC -DPIC works
configure:7417: /opt/toolchains/uclibc-crosstools-gcc-4.4.2-1/usr/bin/mips-linux-uclibc-gcc -c -g -O2  -fPIC -DPIC -DPIC conftest.c >&5
configure:7421: $? = 0
configure:7434: result: yes
configure:7458: checking if /opt/toolchains/uclibc-crosstools-gcc-4.4.2-1/usr/bin/mips-linux-uclibc-gcc static flag -static works
configure:7486: result: yes
configure:7501: checking if /opt/toolchains/uclibc-crosstools-gcc-4.4.2-1/usr/bin/mips-linux-uclibc-gcc supports -c -o file.o
configure:7522: /opt/toolchains/uclibc-crosstools-gcc-4.4.2-1/usr/bin/mips-linux-uclibc-gcc -c -g -O2  -o out/conftest2.o conftest.c >&5
configure:7526: $? = 0
configure:7548: result: yes
configure:7556: checking if /opt/toolchains/uclibc-crosstools-gcc-4.4.2-1/usr/bin/mips-linux-uclibc-gcc supports -c -o file.o
configure:7603: result: yes
configure:7636: checking whether the /opt/toolchains/uclibc-crosstools-gcc-4.4.2-1/usr/bin/mips-linux-uclibc-gcc linker (/opt/toolchains/uclibc-crosstools-gcc-4.4.2-1/usr/bin/mips-linux-uclibc-ld) supports shared libraries
configure:8622: result: yes
configure:8659: checking whether -lc should be explicitly linked in
configure:8664: /opt/toolchains/uclibc-crosstools-gcc-4.4.2-1/usr/bin/mips-linux-uclibc-gcc -c -g -O2  conftest.c >&5
configure:8667: $? = 0
configure:8682: /opt/toolchains/uclibc-crosstools-gcc-4.4.2-1/usr/bin/mips-linux-uclibc-gcc -shared conftest.o  -v -Wl,-soname -Wl,conftest -o conftest 2\>\&1 \| /bin/grep  -lc  \>/dev/null 2\>\&1
configure:8685: $? = 0
configure:8697: result: no
configure:8861: checking dynamic linker characteristics
configure:9307: /opt/toolchains/uclibc-crosstools-gcc-4.4.2-1/usr/bin/mips-linux-uclibc-gcc -o conftest -g -O2   -Wl,-rpath -Wl,/foo conftest.c  >&5
configure:9307: $? = 0
configure:9525: result: GNU/Linux ld.so
configure:9627: checking how to hardcode library paths into programs
configure:9652: result: immediate
configure:10172: checking whether stripping libraries is possible
configure:10177: result: yes
configure:10212: checking if libtool supports shared libraries
configure:10214: result: yes
configure:10217: checking whether to build shared libraries
configure:10238: result: yes
configure:10241: checking whether to build static libraries
configure:10245: result: yes
configure:10280: checking for inline
configure:10296: /opt/toolchains/uclibc-crosstools-gcc-4.4.2-1/usr/bin/mips-linux-uclibc-gcc -c -g -O2  conftest.c >&5
configure:10296: $? = 0
configure:10304: result: inline
configure:10323: checking whether /opt/toolchains/uclibc-crosstools-gcc-4.4.2-1/usr/bin/mips-linux-uclibc-gcc and cc understand -c and -o together
configure:10354: /opt/toolchains/uclibc-crosstools-gcc-4.4.2-1/usr/bin/mips-linux-uclibc-gcc -c conftest.c -o conftest2.o >&5
configure:10358: $? = 0
configure:10364: /opt/toolchains/uclibc-crosstools-gcc-4.4.2-1/usr/bin/mips-linux-uclibc-gcc -c conftest.c -o conftest2.o >&5
configure:10368: $? = 0
configure:10379: cc -c conftest.c >&5
configure:10383: $? = 0
configure:10391: cc -c conftest.c -o conftest2.o >&5
configure:10395: $? = 0
configure:10401: cc -c conftest.c -o conftest2.o >&5
configure:10405: $? = 0
configure:10423: result: yes
configure:10452: checking operating system
configure:10460: result: Linux
configure:10543: /opt/toolchains/uclibc-crosstools-gcc-4.4.2-1/usr/bin/mips-linux-uclibc-gcc -c -g -O2 -fgnu89-inline  conftest.c >&5
configure:10543: $? = 0
configure:10677: creating ./config.status

## ---------------------- ##
## Running config.status. ##
## ---------------------- ##

This file was extended by libusb config.status 1.0.0, which was
generated by GNU Autoconf 2.65.  Invocation command line was

  CONFIG_FILES    = 
  CONFIG_HEADERS  = 
  CONFIG_LINKS    = 
  CONFIG_COMMANDS = 
  $ ./config.status 

on ubuntu

config.status:1078: creating libusb-1.0.pc
config.status:1078: creating Makefile
config.status:1078: creating libusb/Makefile
config.status:1078: creating examples/Makefile
config.status:1078: creating doc/Makefile
config.status:1078: creating doc/doxygen.cfg
config.status:1078: creating config.h
config.status:1250: config.h is unchanged
config.status:1298: executing depfiles commands
config.status:1298: executing libtool commands

## ---------------- ##
## Cache variables. ##
## ---------------- ##

ac_cv_build=i686-pc-linux-uclibc
ac_cv_c_compiler_gnu=yes
ac_cv_c_inline=inline
ac_cv_env_CC_set=set
ac_cv_env_CC_value=/opt/toolchains/uclibc-crosstools-gcc-4.4.2-1/usr/bin/mips-linux-uclibc-gcc
ac_cv_env_CFLAGS_set=
ac_cv_env_CFLAGS_value=
ac_cv_env_CPPFLAGS_set=
ac_cv_env_CPPFLAGS_value=
ac_cv_env_CPP_set=set
ac_cv_env_CPP_value=/opt/toolchains/uclibc-crosstools-gcc-4.4.2-1/usr/bin/mips-linux-uclibc-cpp
ac_cv_env_LDFLAGS_set=
ac_cv_env_LDFLAGS_value=
ac_cv_env_LIBS_set=
ac_cv_env_LIBS_value=
ac_cv_env_build_alias_set=
ac_cv_env_build_alias_value=
ac_cv_env_host_alias_set=set
ac_cv_env_host_alias_value=mips-uclibc-linux
ac_cv_env_target_alias_set=
ac_cv_env_target_alias_value=
ac_cv_header_dlfcn_h=yes
ac_cv_header_inttypes_h=yes
ac_cv_header_memory_h=yes
ac_cv_header_stdc=yes
ac_cv_header_stdint_h=yes
ac_cv_header_stdlib_h=yes
ac_cv_header_string_h=yes
ac_cv_header_strings_h=yes
ac_cv_header_sys_stat_h=yes
ac_cv_header_sys_types_h=yes
ac_cv_header_unistd_h=yes
ac_cv_host=mips-uclibc-linux-gnu
ac_cv_objext=o
ac_cv_path_EGREP='/bin/grep -E'
ac_cv_path_FGREP='/bin/grep -F'
ac_cv_path_GREP=/bin/grep
ac_cv_path_SED=/bin/sed
ac_cv_path_install='/usr/bin/install -c'
ac_cv_path_mkdir=/bin/mkdir
ac_cv_prog_AR=/opt/toolchains/uclibc-crosstools-gcc-4.4.2-1/usr/bin/mips-linux-uclibc-ar
ac_cv_prog_AWK=gawk
ac_cv_prog_CC=/opt/toolchains/uclibc-crosstools-gcc-4.4.2-1/usr/bin/mips-linux-uclibc-gcc
ac_cv_prog_CPP=/opt/toolchains/uclibc-crosstools-gcc-4.4.2-1/usr/bin/mips-linux-uclibc-cpp
ac_cv_prog_OBJDUMP=/opt/toolchains/uclibc-crosstools-gcc-4.4.2-1/usr/bin/mips-linux-uclibc-objdump
ac_cv_prog_RANLIB=/opt/toolchains/uclibc-crosstools-gcc-4.4.2-1/usr/bin/mips-linux-uclibc-ranlib
ac_cv_prog_STRIP=/opt/toolchains/uclibc-crosstools-gcc-4.4.2-1/usr/bin/mips-linux-uclibc-strip
ac_cv_prog_cc__opt_toolchains_uclibc_crosstools_gcc_4_4_2_1_usr_bin_mips_linux_uclibc_gcc_c_o=yes
ac_cv_prog_cc_c89=
ac_cv_prog_cc_g=yes
ac_cv_prog_make_make_set=yes
am_cv_CC_dependencies_compiler_type=gcc3
lt_cv_deplibs_check_method=pass_all
lt_cv_file_magic_cmd='$MAGIC_CMD'
lt_cv_file_magic_test_file=
lt_cv_ld_reload_flag=-r
lt_cv_nm_interface='BSD nm'
lt_cv_objdir=.libs
lt_cv_path_LD=/opt/toolchains/uclibc-crosstools-gcc-4.4.2-1/usr/bin/mips-linux-uclibc-ld
lt_cv_path_NM=/opt/toolchains/uclibc-crosstools-gcc-4.4.2-1/usr/bin/mips-linux-uclibc-nm
lt_cv_prog_compiler_c_o=yes
lt_cv_prog_compiler_pic_works=yes
lt_cv_prog_compiler_rtti_exceptions=no
lt_cv_prog_compiler_static_works=yes
lt_cv_prog_gnu_ld=yes
lt_cv_sys_global_symbol_pipe='sed -n -e '\''s/^.*[	 ]\([ABCDGIRSTW][ABCDGIRSTW]*\)[	 ][	 ]*\([_A-Za-z][_A-Za-z0-9]*\)$/\1 \2 \2/p'\'''
lt_cv_sys_global_symbol_to_c_name_address='sed -n -e '\''s/^: \([^ ]*\) $/  {\"\1\", (void *) 0},/p'\'' -e '\''s/^[ABCDGIRSTW]* \([^ ]*\) \([^ ]*\)$/  {"\2", (void *) \&\2},/p'\'''
lt_cv_sys_global_symbol_to_c_name_address_lib_prefix='sed -n -e '\''s/^: \([^ ]*\) $/  {\"\1\", (void *) 0},/p'\'' -e '\''s/^[ABCDGIRSTW]* \([^ ]*\) \(lib[^ ]*\)$/  {"\2", (void *) \&\2},/p'\'' -e '\''s/^[ABCDGIRSTW]* \([^ ]*\) \([^ ]*\)$/  {"lib\2", (void *) \&\2},/p'\'''
lt_cv_sys_global_symbol_to_cdecl='sed -n -e '\''s/^T .* \(.*\)$/extern int \1();/p'\'' -e '\''s/^[ABCDGIRSTW]* .* \(.*\)$/extern char \1;/p'\'''
lt_cv_sys_max_cmd_len=805306365

## ----------------- ##
## Output variables. ##
## ----------------- ##

ACLOCAL='${SHELL} /tmp/consumer/100AAPP7D0/userspace/gpl/libs/libusb-1.0.0/missing --run aclocal-1.10'
AMDEPBACKSLASH='\'
AMDEP_FALSE='#'
AMDEP_TRUE=''
AMTAR='${SHELL} /tmp/consumer/100AAPP7D0/userspace/gpl/libs/libusb-1.0.0/missing --run tar'
AM_CFLAGS='-std=gnu99 -fgnu89-inline -Wall -Wundef -Wunused -Wstrict-prototypes -Werror-implicit-function-declaration -Wno-pointer-sign -Wshadow'
AR='/opt/toolchains/uclibc-crosstools-gcc-4.4.2-1/usr/bin/mips-linux-uclibc-ar'
AUTOCONF='${SHELL} /tmp/consumer/100AAPP7D0/userspace/gpl/libs/libusb-1.0.0/missing --run autoconf'
AUTOHEADER='${SHELL} /tmp/consumer/100AAPP7D0/userspace/gpl/libs/libusb-1.0.0/missing --run autoheader'
AUTOMAKE='${SHELL} /tmp/consumer/100AAPP7D0/userspace/gpl/libs/libusb-1.0.0/missing --run automake-1.10'
AWK='gawk'
BUILD_EXAMPLES_FALSE=''
BUILD_EXAMPLES_TRUE='#'
CC='/opt/toolchains/uclibc-crosstools-gcc-4.4.2-1/usr/bin/mips-linux-uclibc-gcc'
CCDEPMODE='depmode=gcc3'
CFLAGS='-g -O2'
CPP='/opt/toolchains/uclibc-crosstools-gcc-4.4.2-1/usr/bin/mips-linux-uclibc-cpp'
CPPFLAGS=''
CYGPATH_W='echo'
DEFS='-DHAVE_CONFIG_H'
DEPDIR='.deps'
DSYMUTIL=''
DUMPBIN=''
ECHO_C=''
ECHO_N='-n'
ECHO_T=''
EGREP='/bin/grep -E'
EXEEXT=''
FGREP='/bin/grep -F'
GREP='/bin/grep'
INSTALL_DATA='${INSTALL} -m 644'
INSTALL_PROGRAM='${INSTALL}'
INSTALL_SCRIPT='${INSTALL}'
INSTALL_STRIP_PROGRAM='$(install_sh) -c -s'
LD='/opt/toolchains/uclibc-crosstools-gcc-4.4.2-1/usr/bin/mips-linux-uclibc-ld'
LDFLAGS=''
LIBOBJS=''
LIBS=''
LIBTOOL='$(SHELL) $(top_builddir)/libtool'
LIPO=''
LN_S='ln -s'
LTLIBOBJS=''
MAKEINFO='${SHELL} /tmp/consumer/100AAPP7D0/userspace/gpl/libs/libusb-1.0.0/missing --run makeinfo'
MKDIR_P='/bin/mkdir -p'
NM='/opt/toolchains/uclibc-crosstools-gcc-4.4.2-1/usr/bin/mips-linux-uclibc-nm'
NMEDIT=''
OBJDUMP='/opt/toolchains/uclibc-crosstools-gcc-4.4.2-1/usr/bin/mips-linux-uclibc-objdump'
OBJEXT='o'
OS_LINUX=''
OS_LINUX_FALSE='#'
OS_LINUX_TRUE=''
OTOOL64=''
OTOOL=''
PACKAGE='libusb'
PACKAGE_BUGREPORT=''
PACKAGE_NAME='libusb'
PACKAGE_STRING='libusb 1.0.0'
PACKAGE_TARNAME='libusb'
PACKAGE_URL=''
PACKAGE_VERSION='1.0.0'
PATH_SEPARATOR=':'
RANLIB='/opt/toolchains/uclibc-crosstools-gcc-4.4.2-1/usr/bin/mips-linux-uclibc-ranlib'
SED='/bin/sed'
SET_MAKE=''
SHELL='/bin/sh'
STRIP='/opt/toolchains/uclibc-crosstools-gcc-4.4.2-1/usr/bin/mips-linux-uclibc-strip'
VERSION='1.0.0'
ac_ct_CC=''
ac_ct_DUMPBIN=''
am__fastdepCC_FALSE='#'
am__fastdepCC_TRUE=''
am__include='include'
am__isrc=''
am__leading_dot='.'
am__quote=''
am__tar='${AMTAR} chof - "$$tardir"'
am__untar='${AMTAR} xf -'
bindir='${exec_prefix}/bin'
build='i686-pc-linux-uclibc'
build_alias=''
build_cpu='i686'
build_os='linux-uclibc'
build_vendor='pc'
datadir='${datarootdir}'
datarootdir='${prefix}/share'
docdir='${datarootdir}/doc/${PACKAGE_TARNAME}'
dvidir='${docdir}'
exec_prefix='${prefix}'
host='mips-uclibc-linux-gnu'
host_alias='mips-uclibc-linux'
host_cpu='mips'
host_os='linux-gnu'
host_vendor='uclibc'
htmldir='${docdir}'
includedir='${prefix}/include'
infodir='${datarootdir}/info'
install_sh='$(SHELL) /tmp/consumer/100AAPP7D0/userspace/gpl/libs/libusb-1.0.0/install-sh'
libdir='${exec_prefix}/lib'
libexecdir='${exec_prefix}/libexec'
localedir='${datarootdir}/locale'
localstatedir='${prefix}/var'
lt_ECHO='echo'
lt_age='0'
lt_major='0'
lt_revision='0'
mandir='${datarootdir}/man'
mkdir_p='/bin/mkdir -p'
oldincludedir='/usr/include'
pdfdir='${docdir}'
prefix='/tmp/consumer/100AAPP7D0/userspace/gpl/libs/libusb-1.0.0/install'
program_transform_name='s,x,x,'
psdir='${docdir}'
sbindir='${exec_prefix}/sbin'
sharedstatedir='${prefix}/com'
sysconfdir='${prefix}/etc'
target_alias=''

## ----------- ##
## confdefs.h. ##
## ----------- ##

/* confdefs.h */
#define PACKAGE_NAME "libusb"
#define PACKAGE_TARNAME "libusb"
#define PACKAGE_VERSION "1.0.0"
#define PACKAGE_STRING "libusb 1.0.0"
#define PACKAGE_BUGREPORT ""
#define PACKAGE_URL ""
#define PACKAGE "libusb"
#define VERSION "1.0.0"
#define STDC_HEADERS 1
#define HAVE_SYS_TYPES_H 1
#define HAVE_SYS_STAT_H 1
#define HAVE_STDLIB_H 1
#define HAVE_STRING_H 1
#define HAVE_MEMORY_H 1
#define HAVE_STRINGS_H 1
#define HAVE_INTTYPES_H 1
#define HAVE_STDINT_H 1
#define HAVE_UNISTD_H 1
#define HAVE_DLFCN_H 1
#define LT_OBJDIR ".libs/"
#define _GNU_SOURCE /**/
#define OS_LINUX /**/
#define ENABLE_LOGGING 1
#define API_EXPORTED __attribute__((visibility("default")))

configure: exit 0
